# JRE version: Java(TM) SE Runtime Environment (18.0.1.1+2) (build 18.0.1.1+2-6)
# Java VM: Java HotSpot(TM) 64-Bit Server VM (18.0.1.1+2-6, mixed mode, sharing, tiered, compressed oops, compressed class ptrs, g1 gc, windows-amd64)
GC Precious Log:
 CardTable entry size: 512
 Card Set container configuration: InlinePtr #cards 5 size 8 Array Of Cards #cards 12 size 40 Howl #buckets 4 coarsen threshold 1843 Howl Bitmap #cards 512 size 80 coarsen threshold 460 Card regions per heap region 1 cards per card region 2048
 CPUs: 8 total, 8 available
 Memory: 7884M
 Large Page Support: Disabled
 NUMA Support: Disabled
 Compressed Oops: Enabled (32-bit)
 Heap Region Size: 1M
 Heap Min Capacity: 8M
 Heap Initial Capacity: 124M
 Heap Max Capacity: 1972M
 Pre-touch: Disabled
 Parallel Workers: 8
 Concurrent Workers: 2
 Concurrent Refinement Workers: 8
 Periodic GC: Disabled
Heap:
 garbage-first heap   total 126976K, used 23763K [0x0000000084c00000, 0x0000000100000000)
  region size 1024K, 22 young (22528K), 1 survivors (1024K)
 Metaspace       used 4807K, committed 4992K, reserved 1114112K
  class space    used 241K, committed 384K, reserved 1048576K
GC Heap History (6 events):
Event: 2.948 GC heap before
{Heap before GC invocations=0 (full 0):
 garbage-first heap   total 126976K, used 23552K [0x0000000084c00000, 0x0000000100000000)
  region size 1024K, 23 young (23552K), 0 survivors (0K)
 Metaspace       used 4472K, committed 4736K, reserved 1114112K
  class space    used 240K, committed 384K, reserved 1048576K
}
Event: 2.959 GC heap after
{Heap after GC invocations=1 (full 0):
 garbage-first heap   total 126976K, used 3200K [0x0000000084c00000, 0x0000000100000000)
  region size 1024K, 3 young (3072K), 3 survivors (3072K)
 Metaspace       used 4472K, committed 4736K, reserved 1114112K
  class space    used 240K, committed 384K, reserved 1048576K
}
Event: 9.776 GC heap before
{Heap before GC invocations=1 (full 0):
 garbage-first heap   total 126976K, used 34944K [0x0000000084c00000, 0x0000000100000000)
  region size 1024K, 34 young (34816K), 3 survivors (3072K)
 Metaspace       used 4566K, committed 4800K, reserved 1114112K
  class space    used 240K, committed 384K, reserved 1048576K
}
Event: 9.787 GC heap after
{Heap after GC invocations=2 (full 0):
 garbage-first heap   total 126976K, used 3607K [0x0000000084c00000, 0x0000000100000000)
  region size 1024K, 1 young (1024K), 1 survivors (1024K)
 Metaspace       used 4566K, committed 4800K, reserved 1114112K
  class space    used 240K, committed 384K, reserved 1048576K
}
Event: 34.721 GC heap before
{Heap before GC invocations=2 (full 0):
 garbage-first heap   total 126976K, used 78359K [0x0000000084c00000, 0x0000000100000000)
  region size 1024K, 74 young (75776K), 1 survivors (1024K)
 Metaspace       used 4760K, committed 4992K, reserved 1114112K
  class space    used 240K, committed 384K, reserved 1048576K
}
Event: 34.724 GC heap after
{Heap after GC invocations=3 (full 0):
 garbage-first heap   total 126976K, used 3283K [0x0000000084c00000, 0x0000000100000000)
  region size 1024K, 1 young (1024K), 1 survivors (1024K)
 Metaspace       used 4760K, committed 4992K, reserved 1114112K
  class space    used 240K, committed 384K, reserved 1048576K
}

